<?xml version="1.0" encoding="UTF-8"?>
<!-- Generated by org.testng.reporters.JUnitReportReporter -->
<testsuite hostname="DESKTOP-ITILOB1" failures="0" tests="1" name="APIs.CreateRG_OAuth2" time="5.103" errors="0" timestamp="2024-11-11T18:04:18 IST" skipped="0">
  <testcase classname="APIs.CreateRG_OAuth2" name="ChaseRequest_With_No_Matching_RG" time="5.103"/>
</testsuite> <!-- APIs.CreateRG_OAuth2 -->
