<?xml version="1.0" encoding="UTF-8"?>
<!-- Generated by org.testng.reporters.JUnitReportReporter -->
<testsuite hostname="DESKTOP-ITILOB1" failures="0" tests="2" name="APIs.Create_PreLaunch_Requests" time="9.221" errors="0" timestamp="2024-10-28T18:52:48 IST" skipped="0">
  <testcase classname="APIs.Create_PreLaunch_Requests" name="ChaseRequest_With_Single_Matching_RG" time="1.099"/>
  <testcase classname="APIs.Create_PreLaunch_Requests" name="ChaseRequest_With_Single_Matching_RG" time="8.122"/>
</testsuite> <!-- APIs.Create_PreLaunch_Requests -->
