<?xml version="1.0" encoding="UTF-8"?>
<!-- Generated by org.testng.reporters.JUnitReportReporter -->
<testsuite hostname="DESKTOP-ITILOB1" failures="0" tests="1" name="testRunner.RunnerTestNG" time="49.627" errors="0" timestamp="2024-10-05T10:44:37 IST" skipped="0">
  <testcase classname="testRunner.RunnerTestNG" name="runScenario" time="49.627"/>
</testsuite> <!-- testRunner.RunnerTestNG -->
