<?xml version="1.0" encoding="UTF-8"?>
<!-- Generated by org.testng.reporters.JUnitReportReporter -->
<testsuite hostname="DESKTOP-ITILOB1" failures="0" tests="1" name="testRunner.RunnerTestNG" time="0.159" errors="0" timestamp="2024-11-12T14:26:13 IST" skipped="0">
  <testcase classname="testRunner.RunnerTestNG" name="runScenario" time="0.159"/>
</testsuite> <!-- testRunner.RunnerTestNG -->
