<?xml version="1.0" encoding="UTF-8"?>
<!-- Generated by org.testng.reporters.JUnitReportReporter -->
<testsuite hostname="DESKTOP-ITILOB1" failures="0" tests="2" name="HDAP_APIs.Create_PreLaunch_Requests" time="12.421" errors="0" timestamp="2024-10-04T18:20:57 IST" skipped="0">
  <testcase classname="HDAP_APIs.Create_PreLaunch_Requests" name="ChaseRequest_With_Single_Matching_RG" time="11.326"/>
  <testcase classname="HDAP_APIs.Create_PreLaunch_Requests" name="ChaseRequest_With_Single_Matching_RG" time="1.095"/>
</testsuite> <!-- HDAP_APIs.Create_PreLaunch_Requests -->
