<?xml version="1.0" encoding="UTF-8"?>
<!-- Generated by org.testng.reporters.JUnitReportReporter -->
<testsuite hostname="ZakirZR-Bluestone" failures="0" tests="1" name="testRunner.RunnerTestNG" time="4.886" errors="0" timestamp="2024-01-10T23:04:47 IST" skipped="0">
  <testcase classname="testRunner.RunnerTestNG" name="runScenario" time="4.886"/>
</testsuite> <!-- testRunner.RunnerTestNG -->
