<?xml version="1.0" encoding="UTF-8"?>
<!-- Generated by org.testng.reporters.JUnitReportReporter -->
<testsuite hostname="DESKTOP-ITILOB1" failures="0" tests="10" name="HDAP_APIs.Create_PendingRGAssignment_Requests" time="16.694" errors="0" timestamp="2024-10-03T18:55:28 IST" skipped="0">
  <testcase classname="HDAP_APIs.Create_PendingRGAssignment_Requests" name="ChaseRequest_With_No_Matching_RG" time="1.138"/>
  <system-out/>
  <testcase classname="HDAP_APIs.Create_PendingRGAssignment_Requests" name="ChaseRequest_With_No_Matching_RG" time="1.696"/>
  <system-out/>
  <testcase classname="HDAP_APIs.Create_PendingRGAssignment_Requests" name="ChaseRequest_With_No_Matching_RG" time="1.141"/>
  <system-out/>
  <testcase classname="HDAP_APIs.Create_PendingRGAssignment_Requests" name="ChaseRequest_With_No_Matching_RG" time="1.118"/>
  <system-out/>
  <testcase classname="HDAP_APIs.Create_PendingRGAssignment_Requests" name="ChaseRequest_With_No_Matching_RG" time="1.208"/>
  <system-out/>
  <testcase classname="HDAP_APIs.Create_PendingRGAssignment_Requests" name="ChaseRequest_With_No_Matching_RG" time="5.516"/>
  <system-out/>
  <testcase classname="HDAP_APIs.Create_PendingRGAssignment_Requests" name="ChaseRequest_With_No_Matching_RG" time="1.134"/>
  <system-out/>
  <testcase classname="HDAP_APIs.Create_PendingRGAssignment_Requests" name="ChaseRequest_With_No_Matching_RG" time="1.439"/>
  <system-out/>
  <testcase classname="HDAP_APIs.Create_PendingRGAssignment_Requests" name="ChaseRequest_With_No_Matching_RG" time="1.151"/>
  <system-out/>
  <testcase classname="HDAP_APIs.Create_PendingRGAssignment_Requests" name="ChaseRequest_With_No_Matching_RG" time="1.153"/>
  <system-out/>
</testsuite> <!-- HDAP_APIs.Create_PendingRGAssignment_Requests -->
