<?xml version="1.0" encoding="UTF-8"?>
<!-- Generated by org.testng.reporters.JUnitReportReporter -->
<testsuite hostname="DESKTOP-ITILOB1" failures="0" tests="1" name="APIs.CreateRG_With_OAuth" time="1.619" errors="0" timestamp="2024-11-11T18:13:21 IST" skipped="0">
  <testcase classname="APIs.CreateRG_With_OAuth" name="ChaseRequest_With_No_Matching_RG" time="1.619"/>
</testsuite> <!-- APIs.CreateRG_With_OAuth -->
