<?xml version="1.0" encoding="UTF-8"?>
<!-- Generated by org.testng.reporters.JUnitReportReporter -->
<testsuite hostname="DESKTOP-ITILOB1" failures="0" tests="2" name="APIs.Create_PreLaunch_Requests" time="7.809" errors="0" timestamp="2024-10-07T13:53:31 IST" skipped="0">
  <testcase classname="APIs.Create_PreLaunch_Requests" name="ChaseRequest_With_Single_Matching_RG" time="1.082"/>
  <testcase classname="APIs.Create_PreLaunch_Requests" name="ChaseRequest_With_Single_Matching_RG" time="6.727"/>
</testsuite> <!-- APIs.Create_PreLaunch_Requests -->
