<?xml version="1.0" encoding="UTF-8"?>
<!-- Generated by org.testng.reporters.JUnitReportReporter -->
<testsuite hostname="DESKTOP-ITILOB1" failures="0" tests="2" name="testRunner.RunnerTestNG" time="251.344" errors="0" timestamp="2024-10-06T22:54:36 IST" skipped="0">
  <testcase classname="testRunner.RunnerTestNG" name="runScenario" time="125.484"/>
  <testcase classname="testRunner.RunnerTestNG" name="runScenario" time="125.860"/>
</testsuite> <!-- testRunner.RunnerTestNG -->
