<?xml version="1.0" encoding="UTF-8"?>
<!-- Generated by org.testng.reporters.JUnitReportReporter -->
<testsuite hostname="DESKTOP-ITILOB1" failures="0" tests="1" name="testRunner.RunnerTestNG" time="114.746" errors="0" timestamp="2024-10-07T19:22:53 IST" skipped="0">
  <testcase classname="testRunner.RunnerTestNG" name="runScenario" time="114.746"/>
</testsuite> <!-- testRunner.RunnerTestNG -->
