<?xml version="1.0" encoding="UTF-8"?>
<!-- Generated by org.testng.reporters.JUnitReportReporter -->
<testsuite hostname="ZakirZR-Bluestone" failures="0" tests="3" name="testRunner.RunnerTestNG" time="0.077" errors="0" timestamp="2024-01-10T16:07:37 IST" skipped="0">
  <testcase classname="testRunner.RunnerTestNG" name="runScenario" time="0.015"/>
  <testcase classname="testRunner.RunnerTestNG" name="runScenario" time="0.057"/>
  <testcase classname="testRunner.RunnerTestNG" name="runScenario" time="0.005"/>
</testsuite> <!-- testRunner.RunnerTestNG -->
