<?xml version="1.0" encoding="UTF-8"?>
<!-- Generated by org.testng.reporters.JUnitReportReporter -->
<testsuite hostname="LAPTOP-E9SSGAP3" failures="0" tests="150" name="APIs.Create_PendingRGAssignment_Requests" time="180.849" errors="0" timestamp="2024-11-22T17:13:33 IST" skipped="0">
  <testcase classname="APIs.Create_PendingRGAssignment_Requests" name="ChaseRequest_With_No_Matching_RG" time="1.194"/>
  <testcase classname="APIs.Create_PendingRGAssignment_Requests" name="ChaseRequest_With_No_Matching_RG" time="1.147"/>
  <testcase classname="APIs.Create_PendingRGAssignment_Requests" name="ChaseRequest_With_No_Matching_RG" time="1.160"/>
  <testcase classname="APIs.Create_PendingRGAssignment_Requests" name="ChaseRequest_With_No_Matching_RG" time="1.209"/>
  <testcase classname="APIs.Create_PendingRGAssignment_Requests" name="ChaseRequest_With_No_Matching_RG" time="1.101"/>
  <testcase classname="APIs.Create_PendingRGAssignment_Requests" name="ChaseRequest_With_No_Matching_RG" time="1.068"/>
  <testcase classname="APIs.Create_PendingRGAssignment_Requests" name="ChaseRequest_With_No_Matching_RG" time="1.003"/>
  <testcase classname="APIs.Create_PendingRGAssignment_Requests" name="ChaseRequest_With_No_Matching_RG" time="1.174"/>
  <testcase classname="APIs.Create_PendingRGAssignment_Requests" name="ChaseRequest_With_No_Matching_RG" time="1.159"/>
  <testcase classname="APIs.Create_PendingRGAssignment_Requests" name="ChaseRequest_With_No_Matching_RG" time="0.820"/>
  <testcase classname="APIs.Create_PendingRGAssignment_Requests" name="ChaseRequest_With_No_Matching_RG" time="1.600"/>
  <testcase classname="APIs.Create_PendingRGAssignment_Requests" name="ChaseRequest_With_No_Matching_RG" time="1.182"/>
  <testcase classname="APIs.Create_PendingRGAssignment_Requests" name="ChaseRequest_With_No_Matching_RG" time="1.200"/>
  <testcase classname="APIs.Create_PendingRGAssignment_Requests" name="ChaseRequest_With_No_Matching_RG" time="1.109"/>
  <testcase classname="APIs.Create_PendingRGAssignment_Requests" name="ChaseRequest_With_No_Matching_RG" time="1.274"/>
  <testcase classname="APIs.Create_PendingRGAssignment_Requests" name="ChaseRequest_With_No_Matching_RG" time="1.200"/>
  <testcase classname="APIs.Create_PendingRGAssignment_Requests" name="ChaseRequest_With_No_Matching_RG" time="1.085"/>
  <testcase classname="APIs.Create_PendingRGAssignment_Requests" name="ChaseRequest_With_No_Matching_RG" time="1.210"/>
  <testcase classname="APIs.Create_PendingRGAssignment_Requests" name="ChaseRequest_With_No_Matching_RG" time="0.827"/>
  <testcase classname="APIs.Create_PendingRGAssignment_Requests" name="ChaseRequest_With_No_Matching_RG" time="1.195"/>
  <testcase classname="APIs.Create_PendingRGAssignment_Requests" name="ChaseRequest_With_No_Matching_RG" time="1.193"/>
  <testcase classname="APIs.Create_PendingRGAssignment_Requests" name="ChaseRequest_With_No_Matching_RG" time="1.084"/>
  <testcase classname="APIs.Create_PendingRGAssignment_Requests" name="ChaseRequest_With_No_Matching_RG" time="0.811"/>
  <testcase classname="APIs.Create_PendingRGAssignment_Requests" name="ChaseRequest_With_No_Matching_RG" time="1.155"/>
  <testcase classname="APIs.Create_PendingRGAssignment_Requests" name="ChaseRequest_With_No_Matching_RG" time="1.009"/>
  <testcase classname="APIs.Create_PendingRGAssignment_Requests" name="ChaseRequest_With_No_Matching_RG" time="2.054"/>
  <testcase classname="APIs.Create_PendingRGAssignment_Requests" name="ChaseRequest_With_No_Matching_RG" time="1.028"/>
  <testcase classname="APIs.Create_PendingRGAssignment_Requests" name="ChaseRequest_With_No_Matching_RG" time="1.171"/>
  <testcase classname="APIs.Create_PendingRGAssignment_Requests" name="ChaseRequest_With_No_Matching_RG" time="1.129"/>
  <testcase classname="APIs.Create_PendingRGAssignment_Requests" name="ChaseRequest_With_No_Matching_RG" time="1.164"/>
  <testcase classname="APIs.Create_PendingRGAssignment_Requests" name="ChaseRequest_With_No_Matching_RG" time="0.812"/>
  <testcase classname="APIs.Create_PendingRGAssignment_Requests" name="ChaseRequest_With_No_Matching_RG" time="1.123"/>
  <testcase classname="APIs.Create_PendingRGAssignment_Requests" name="ChaseRequest_With_No_Matching_RG" time="1.139"/>
  <testcase classname="APIs.Create_PendingRGAssignment_Requests" name="ChaseRequest_With_No_Matching_RG" time="0.849"/>
  <testcase classname="APIs.Create_PendingRGAssignment_Requests" name="ChaseRequest_With_No_Matching_RG" time="1.237"/>
  <testcase classname="APIs.Create_PendingRGAssignment_Requests" name="ChaseRequest_With_No_Matching_RG" time="2.609"/>
  <testcase classname="APIs.Create_PendingRGAssignment_Requests" name="ChaseRequest_With_No_Matching_RG" time="1.183"/>
  <testcase classname="APIs.Create_PendingRGAssignment_Requests" name="ChaseRequest_With_No_Matching_RG" time="1.055"/>
  <testcase classname="APIs.Create_PendingRGAssignment_Requests" name="ChaseRequest_With_No_Matching_RG" time="1.075"/>
  <testcase classname="APIs.Create_PendingRGAssignment_Requests" name="ChaseRequest_With_No_Matching_RG" time="1.152"/>
  <testcase classname="APIs.Create_PendingRGAssignment_Requests" name="ChaseRequest_With_No_Matching_RG" time="1.139"/>
  <testcase classname="APIs.Create_PendingRGAssignment_Requests" name="ChaseRequest_With_No_Matching_RG" time="1.077"/>
  <testcase classname="APIs.Create_PendingRGAssignment_Requests" name="ChaseRequest_With_No_Matching_RG" time="1.277"/>
  <testcase classname="APIs.Create_PendingRGAssignment_Requests" name="ChaseRequest_With_No_Matching_RG" time="1.166"/>
  <testcase classname="APIs.Create_PendingRGAssignment_Requests" name="ChaseRequest_With_No_Matching_RG" time="1.179"/>
  <testcase classname="APIs.Create_PendingRGAssignment_Requests" name="ChaseRequest_With_No_Matching_RG" time="1.191"/>
  <testcase classname="APIs.Create_PendingRGAssignment_Requests" name="ChaseRequest_With_No_Matching_RG" time="1.140"/>
  <testcase classname="APIs.Create_PendingRGAssignment_Requests" name="ChaseRequest_With_No_Matching_RG" time="1.150"/>
  <testcase classname="APIs.Create_PendingRGAssignment_Requests" name="ChaseRequest_With_No_Matching_RG" time="0.803"/>
  <testcase classname="APIs.Create_PendingRGAssignment_Requests" name="ChaseRequest_With_No_Matching_RG" time="1.216"/>
  <testcase classname="APIs.Create_PendingRGAssignment_Requests" name="ChaseRequest_With_No_Matching_RG" time="1.171"/>
  <testcase classname="APIs.Create_PendingRGAssignment_Requests" name="ChaseRequest_With_No_Matching_RG" time="1.156"/>
  <testcase classname="APIs.Create_PendingRGAssignment_Requests" name="ChaseRequest_With_No_Matching_RG" time="1.143"/>
  <testcase classname="APIs.Create_PendingRGAssignment_Requests" name="ChaseRequest_With_No_Matching_RG" time="1.193"/>
  <testcase classname="APIs.Create_PendingRGAssignment_Requests" name="ChaseRequest_With_No_Matching_RG" time="1.106"/>
  <testcase classname="APIs.Create_PendingRGAssignment_Requests" name="ChaseRequest_With_No_Matching_RG" time="1.140"/>
  <testcase classname="APIs.Create_PendingRGAssignment_Requests" name="ChaseRequest_With_No_Matching_RG" time="1.155"/>
  <testcase classname="APIs.Create_PendingRGAssignment_Requests" name="ChaseRequest_With_No_Matching_RG" time="10.060"/>
  <testcase classname="APIs.Create_PendingRGAssignment_Requests" name="ChaseRequest_With_No_Matching_RG" time="1.217"/>
  <testcase classname="APIs.Create_PendingRGAssignment_Requests" name="ChaseRequest_With_No_Matching_RG" time="0.822"/>
  <testcase classname="APIs.Create_PendingRGAssignment_Requests" name="ChaseRequest_With_No_Matching_RG" time="0.857"/>
  <testcase classname="APIs.Create_PendingRGAssignment_Requests" name="ChaseRequest_With_No_Matching_RG" time="1.649"/>
  <testcase classname="APIs.Create_PendingRGAssignment_Requests" name="ChaseRequest_With_No_Matching_RG" time="1.176"/>
  <testcase classname="APIs.Create_PendingRGAssignment_Requests" name="ChaseRequest_With_No_Matching_RG" time="1.125"/>
  <testcase classname="APIs.Create_PendingRGAssignment_Requests" name="ChaseRequest_With_No_Matching_RG" time="1.208"/>
  <testcase classname="APIs.Create_PendingRGAssignment_Requests" name="ChaseRequest_With_No_Matching_RG" time="1.138"/>
  <testcase classname="APIs.Create_PendingRGAssignment_Requests" name="ChaseRequest_With_No_Matching_RG" time="1.174"/>
  <testcase classname="APIs.Create_PendingRGAssignment_Requests" name="ChaseRequest_With_No_Matching_RG" time="1.053"/>
  <testcase classname="APIs.Create_PendingRGAssignment_Requests" name="ChaseRequest_With_No_Matching_RG" time="1.147"/>
  <testcase classname="APIs.Create_PendingRGAssignment_Requests" name="ChaseRequest_With_No_Matching_RG" time="1.165"/>
  <testcase classname="APIs.Create_PendingRGAssignment_Requests" name="ChaseRequest_With_No_Matching_RG" time="0.997"/>
  <testcase classname="APIs.Create_PendingRGAssignment_Requests" name="ChaseRequest_With_No_Matching_RG" time="1.155"/>
  <testcase classname="APIs.Create_PendingRGAssignment_Requests" name="ChaseRequest_With_No_Matching_RG" time="1.132"/>
  <testcase classname="APIs.Create_PendingRGAssignment_Requests" name="ChaseRequest_With_No_Matching_RG" time="1.188"/>
  <testcase classname="APIs.Create_PendingRGAssignment_Requests" name="ChaseRequest_With_No_Matching_RG" time="1.200"/>
  <testcase classname="APIs.Create_PendingRGAssignment_Requests" name="ChaseRequest_With_No_Matching_RG" time="1.155"/>
  <testcase classname="APIs.Create_PendingRGAssignment_Requests" name="ChaseRequest_With_No_Matching_RG" time="0.991"/>
  <testcase classname="APIs.Create_PendingRGAssignment_Requests" name="ChaseRequest_With_No_Matching_RG" time="0.999"/>
  <testcase classname="APIs.Create_PendingRGAssignment_Requests" name="ChaseRequest_With_No_Matching_RG" time="1.194"/>
  <testcase classname="APIs.Create_PendingRGAssignment_Requests" name="ChaseRequest_With_No_Matching_RG" time="1.005"/>
  <testcase classname="APIs.Create_PendingRGAssignment_Requests" name="ChaseRequest_With_No_Matching_RG" time="1.193"/>
  <testcase classname="APIs.Create_PendingRGAssignment_Requests" name="ChaseRequest_With_No_Matching_RG" time="1.212"/>
  <testcase classname="APIs.Create_PendingRGAssignment_Requests" name="ChaseRequest_With_No_Matching_RG" time="1.219"/>
  <testcase classname="APIs.Create_PendingRGAssignment_Requests" name="ChaseRequest_With_No_Matching_RG" time="1.345"/>
  <testcase classname="APIs.Create_PendingRGAssignment_Requests" name="ChaseRequest_With_No_Matching_RG" time="1.036"/>
  <testcase classname="APIs.Create_PendingRGAssignment_Requests" name="ChaseRequest_With_No_Matching_RG" time="1.123"/>
  <testcase classname="APIs.Create_PendingRGAssignment_Requests" name="ChaseRequest_With_No_Matching_RG" time="1.103"/>
  <testcase classname="APIs.Create_PendingRGAssignment_Requests" name="ChaseRequest_With_No_Matching_RG" time="1.170"/>
  <testcase classname="APIs.Create_PendingRGAssignment_Requests" name="ChaseRequest_With_No_Matching_RG" time="1.121"/>
  <testcase classname="APIs.Create_PendingRGAssignment_Requests" name="ChaseRequest_With_No_Matching_RG" time="1.164"/>
  <testcase classname="APIs.Create_PendingRGAssignment_Requests" name="ChaseRequest_With_No_Matching_RG" time="0.950"/>
  <testcase classname="APIs.Create_PendingRGAssignment_Requests" name="ChaseRequest_With_No_Matching_RG" time="1.192"/>
  <testcase classname="APIs.Create_PendingRGAssignment_Requests" name="ChaseRequest_With_No_Matching_RG" time="1.040"/>
  <testcase classname="APIs.Create_PendingRGAssignment_Requests" name="ChaseRequest_With_No_Matching_RG" time="1.145"/>
  <testcase classname="APIs.Create_PendingRGAssignment_Requests" name="ChaseRequest_With_No_Matching_RG" time="1.017"/>
  <testcase classname="APIs.Create_PendingRGAssignment_Requests" name="ChaseRequest_With_No_Matching_RG" time="1.172"/>
  <testcase classname="APIs.Create_PendingRGAssignment_Requests" name="ChaseRequest_With_No_Matching_RG" time="1.150"/>
  <testcase classname="APIs.Create_PendingRGAssignment_Requests" name="ChaseRequest_With_No_Matching_RG" time="1.160"/>
  <testcase classname="APIs.Create_PendingRGAssignment_Requests" name="ChaseRequest_With_No_Matching_RG" time="0.795"/>
  <testcase classname="APIs.Create_PendingRGAssignment_Requests" name="ChaseRequest_With_No_Matching_RG" time="1.161"/>
  <testcase classname="APIs.Create_PendingRGAssignment_Requests" name="ChaseRequest_With_No_Matching_RG" time="1.215"/>
  <testcase classname="APIs.Create_PendingRGAssignment_Requests" name="ChaseRequest_With_No_Matching_RG" time="1.163"/>
  <testcase classname="APIs.Create_PendingRGAssignment_Requests" name="ChaseRequest_With_No_Matching_RG" time="1.104"/>
  <testcase classname="APIs.Create_PendingRGAssignment_Requests" name="ChaseRequest_With_No_Matching_RG" time="1.235"/>
  <testcase classname="APIs.Create_PendingRGAssignment_Requests" name="ChaseRequest_With_No_Matching_RG" time="1.163"/>
  <testcase classname="APIs.Create_PendingRGAssignment_Requests" name="ChaseRequest_With_No_Matching_RG" time="1.479"/>
  <testcase classname="APIs.Create_PendingRGAssignment_Requests" name="ChaseRequest_With_No_Matching_RG" time="1.167"/>
  <testcase classname="APIs.Create_PendingRGAssignment_Requests" name="ChaseRequest_With_No_Matching_RG" time="1.118"/>
  <testcase classname="APIs.Create_PendingRGAssignment_Requests" name="ChaseRequest_With_No_Matching_RG" time="1.136"/>
  <testcase classname="APIs.Create_PendingRGAssignment_Requests" name="ChaseRequest_With_No_Matching_RG" time="1.208"/>
  <testcase classname="APIs.Create_PendingRGAssignment_Requests" name="ChaseRequest_With_No_Matching_RG" time="1.065"/>
  <testcase classname="APIs.Create_PendingRGAssignment_Requests" name="ChaseRequest_With_No_Matching_RG" time="1.190"/>
  <testcase classname="APIs.Create_PendingRGAssignment_Requests" name="ChaseRequest_With_No_Matching_RG" time="1.187"/>
  <testcase classname="APIs.Create_PendingRGAssignment_Requests" name="ChaseRequest_With_No_Matching_RG" time="1.165"/>
  <testcase classname="APIs.Create_PendingRGAssignment_Requests" name="ChaseRequest_With_No_Matching_RG" time="1.219"/>
  <testcase classname="APIs.Create_PendingRGAssignment_Requests" name="ChaseRequest_With_No_Matching_RG" time="1.143"/>
  <testcase classname="APIs.Create_PendingRGAssignment_Requests" name="ChaseRequest_With_No_Matching_RG" time="0.828"/>
  <testcase classname="APIs.Create_PendingRGAssignment_Requests" name="ChaseRequest_With_No_Matching_RG" time="1.163"/>
  <testcase classname="APIs.Create_PendingRGAssignment_Requests" name="ChaseRequest_With_No_Matching_RG" time="0.764"/>
  <testcase classname="APIs.Create_PendingRGAssignment_Requests" name="ChaseRequest_With_No_Matching_RG" time="1.170"/>
  <testcase classname="APIs.Create_PendingRGAssignment_Requests" name="ChaseRequest_With_No_Matching_RG" time="1.161"/>
  <testcase classname="APIs.Create_PendingRGAssignment_Requests" name="ChaseRequest_With_No_Matching_RG" time="1.199"/>
  <testcase classname="APIs.Create_PendingRGAssignment_Requests" name="ChaseRequest_With_No_Matching_RG" time="1.124"/>
  <testcase classname="APIs.Create_PendingRGAssignment_Requests" name="ChaseRequest_With_No_Matching_RG" time="1.223"/>
  <testcase classname="APIs.Create_PendingRGAssignment_Requests" name="ChaseRequest_With_No_Matching_RG" time="1.127"/>
  <testcase classname="APIs.Create_PendingRGAssignment_Requests" name="ChaseRequest_With_No_Matching_RG" time="1.150"/>
  <testcase classname="APIs.Create_PendingRGAssignment_Requests" name="ChaseRequest_With_No_Matching_RG" time="0.968"/>
  <testcase classname="APIs.Create_PendingRGAssignment_Requests" name="ChaseRequest_With_No_Matching_RG" time="1.114"/>
  <testcase classname="APIs.Create_PendingRGAssignment_Requests" name="ChaseRequest_With_No_Matching_RG" time="1.180"/>
  <testcase classname="APIs.Create_PendingRGAssignment_Requests" name="ChaseRequest_With_No_Matching_RG" time="0.816"/>
  <testcase classname="APIs.Create_PendingRGAssignment_Requests" name="ChaseRequest_With_No_Matching_RG" time="1.229"/>
  <testcase classname="APIs.Create_PendingRGAssignment_Requests" name="ChaseRequest_With_No_Matching_RG" time="0.792"/>
  <testcase classname="APIs.Create_PendingRGAssignment_Requests" name="ChaseRequest_With_No_Matching_RG" time="2.138"/>
  <testcase classname="APIs.Create_PendingRGAssignment_Requests" name="ChaseRequest_With_No_Matching_RG" time="1.157"/>
  <testcase classname="APIs.Create_PendingRGAssignment_Requests" name="ChaseRequest_With_No_Matching_RG" time="1.143"/>
  <testcase classname="APIs.Create_PendingRGAssignment_Requests" name="ChaseRequest_With_No_Matching_RG" time="1.205"/>
  <testcase classname="APIs.Create_PendingRGAssignment_Requests" name="ChaseRequest_With_No_Matching_RG" time="1.180"/>
  <testcase classname="APIs.Create_PendingRGAssignment_Requests" name="ChaseRequest_With_No_Matching_RG" time="1.107"/>
  <testcase classname="APIs.Create_PendingRGAssignment_Requests" name="ChaseRequest_With_No_Matching_RG" time="1.135"/>
  <testcase classname="APIs.Create_PendingRGAssignment_Requests" name="ChaseRequest_With_No_Matching_RG" time="1.228"/>
  <testcase classname="APIs.Create_PendingRGAssignment_Requests" name="ChaseRequest_With_No_Matching_RG" time="0.815"/>
  <testcase classname="APIs.Create_PendingRGAssignment_Requests" name="ChaseRequest_With_No_Matching_RG" time="1.195"/>
  <testcase classname="APIs.Create_PendingRGAssignment_Requests" name="ChaseRequest_With_No_Matching_RG" time="1.181"/>
  <testcase classname="APIs.Create_PendingRGAssignment_Requests" name="ChaseRequest_With_No_Matching_RG" time="1.174"/>
  <testcase classname="APIs.Create_PendingRGAssignment_Requests" name="ChaseRequest_With_No_Matching_RG" time="1.207"/>
  <testcase classname="APIs.Create_PendingRGAssignment_Requests" name="ChaseRequest_With_No_Matching_RG" time="1.131"/>
  <testcase classname="APIs.Create_PendingRGAssignment_Requests" name="ChaseRequest_With_No_Matching_RG" time="1.069"/>
  <testcase classname="APIs.Create_PendingRGAssignment_Requests" name="ChaseRequest_With_No_Matching_RG" time="0.961"/>
  <testcase classname="APIs.Create_PendingRGAssignment_Requests" name="ChaseRequest_With_No_Matching_RG" time="1.129"/>
  <testcase classname="APIs.Create_PendingRGAssignment_Requests" name="ChaseRequest_With_No_Matching_RG" time="1.103"/>
</testsuite> <!-- APIs.Create_PendingRGAssignment_Requests -->
