<?xml version="1.0" encoding="UTF-8"?>
<!-- Generated by org.testng.reporters.JUnitReportReporter -->
<testsuite hostname="DESKTOP-ITILOB1" failures="0" tests="1" name="testRunner.RunnerTestNG" time="36.868" errors="0" timestamp="2024-01-11T19:26:45 IST" skipped="0">
  <testcase classname="testRunner.RunnerTestNG" name="runScenario" time="36.868"/>
  <system-out/>
</testsuite> <!-- testRunner.RunnerTestNG -->
