<?xml version="1.0" encoding="UTF-8"?>
<!-- Generated by org.testng.reporters.JUnitReportReporter -->
<testsuite hostname="ZakirZR-Bluestone" failures="0" tests="11" name="testRunner.RunnerTestNG" time="0.198" errors="0" timestamp="2024-01-09T13:40:30 IST" skipped="0">
  <testcase classname="testRunner.RunnerTestNG" name="runScenario" time="0.010"/>
  <testcase classname="testRunner.RunnerTestNG" name="runScenario" time="0.006"/>
  <testcase classname="testRunner.RunnerTestNG" name="runScenario" time="0.006"/>
  <testcase classname="testRunner.RunnerTestNG" name="runScenario" time="0.016"/>
  <testcase classname="testRunner.RunnerTestNG" name="runScenario" time="0.009"/>
  <testcase classname="testRunner.RunnerTestNG" name="runScenario" time="0.011"/>
  <testcase classname="testRunner.RunnerTestNG" name="runScenario" time="0.020"/>
  <testcase classname="testRunner.RunnerTestNG" name="runScenario" time="0.007"/>
  <testcase classname="testRunner.RunnerTestNG" name="runScenario" time="0.017"/>
  <testcase classname="testRunner.RunnerTestNG" name="runScenario" time="0.082"/>
  <testcase classname="testRunner.RunnerTestNG" name="runScenario" time="0.014"/>
</testsuite> <!-- testRunner.RunnerTestNG -->
