<?xml version="1.0" encoding="UTF-8"?>
<!-- Generated by org.testng.reporters.JUnitReportReporter -->
<testsuite hostname="DESKTOP-ITILOB1" failures="0" tests="1" name="testRunner.RunnerTestNG" time="83.195" errors="0" timestamp="2024-02-08T13:32:01 IST" skipped="0">
  <testcase classname="testRunner.RunnerTestNG" name="runScenario" time="83.195"/>
  <system-out/>
</testsuite> <!-- testRunner.RunnerTestNG -->
