<?xml version="1.0" encoding="UTF-8"?>
<!-- Generated by org.testng.reporters.JUnitReportReporter -->
<testsuite hostname="SMMR" failures="0" tests="1" name="testRunner.RunnerTestNG" time="79.257" errors="0" timestamp="2024-10-21T15:10:56 IST" skipped="0">
  <testcase classname="testRunner.RunnerTestNG" name="runScenario" time="79.257"/>
</testsuite> <!-- testRunner.RunnerTestNG -->
