<?xml version="1.0" encoding="UTF-8"?>
<!-- Generated by org.testng.reporters.JUnitReportReporter -->
<testsuite hostname="DESKTOP-ITILOB1" failures="0" tests="5" name="APIs.CreateRG_With_OAuth" time="6.508" errors="0" timestamp="2024-11-11T14:50:17 IST" skipped="0">
  <testcase classname="APIs.CreateRG_With_OAuth" name="ChaseRequest_With_No_Matching_RG" time="1.306"/>
  <testcase classname="APIs.CreateRG_With_OAuth" name="ChaseRequest_With_No_Matching_RG" time="1.216"/>
  <testcase classname="APIs.CreateRG_With_OAuth" name="ChaseRequest_With_No_Matching_RG" time="1.164"/>
  <testcase classname="APIs.CreateRG_With_OAuth" name="ChaseRequest_With_No_Matching_RG" time="1.621"/>
  <testcase classname="APIs.CreateRG_With_OAuth" name="ChaseRequest_With_No_Matching_RG" time="1.201"/>
</testsuite> <!-- APIs.CreateRG_With_OAuth -->
