<?xml version="1.0" encoding="UTF-8"?>
<!-- Generated by org.testng.reporters.JUnitReportReporter -->
<testsuite hostname="LAPTOP-E9SSGAP3" failures="0" tests="1" name="testRunner.RunnerTestNG" time="162.791" errors="0" timestamp="2024-11-25T15:38:29 IST" skipped="0">
  <testcase classname="testRunner.RunnerTestNG" name="runScenario" time="162.791"/>
</testsuite> <!-- testRunner.RunnerTestNG -->
