<?xml version="1.0" encoding="UTF-8"?>
<!-- Generated by org.testng.reporters.JUnitReportReporter -->
<testsuite hostname="DESKTOP-ITILOB1" failures="0" tests="1" name="APIs.Create_PreLaunch_ChaseRequest" time="2.227" errors="0" timestamp="2024-11-11T18:28:16 IST" skipped="0">
  <testcase classname="APIs.Create_PreLaunch_ChaseRequest" name="ChaseRequest_With_No_Matching_RG" time="2.227"/>
</testsuite> <!-- APIs.Create_PreLaunch_ChaseRequest -->
