<?xml version="1.0" encoding="UTF-8"?>
<!-- Generated by org.testng.reporters.JUnitReportReporter -->
<testsuite hostname="DESKTOP-ITILOB1" failures="0" tests="3" name="APIs.Create_PendingRGAssignment_Requests" time="5.239" errors="0" timestamp="2024-10-24T17:07:50 IST" skipped="0">
  <testcase classname="APIs.Create_PendingRGAssignment_Requests" name="ChaseRequest_With_No_Matching_RG" time="1.216"/>
  <testcase classname="APIs.Create_PendingRGAssignment_Requests" name="ChaseRequest_With_No_Matching_RG" time="1.125"/>
  <testcase classname="APIs.Create_PendingRGAssignment_Requests" name="ChaseRequest_With_No_Matching_RG" time="2.898"/>
</testsuite> <!-- APIs.Create_PendingRGAssignment_Requests -->
